{"duration":"5ms","ip":"::1","level":"info","message":"GET /health","service":"hosting-platform","status":200,"timestamp":"2026-03-29 08:55:40","user":"anonymous"}
{"duration":"16ms","ip":"::1","level":"warn","message":"POST /auth/signup","service":"hosting-platform","status":400,"timestamp":"2026-03-29 08:59:20","user":"anonymous"}
{"duration":"2ms","ip":"::1","level":"info","message":"GET /health","service":"hosting-platform","status":200,"timestamp":"2026-03-29 09:01:41","user":"anonymous"}
{"duration":"1ms","ip":"::1","level":"info","message":"GET /health","service":"hosting-platform","status":200,"timestamp":"2026-03-29 09:04:42","user":"anonymous"}
{"duration":"4ms","ip":"::1","level":"warn","message":"POST /auth/signup","service":"hosting-platform","status":400,"timestamp":"2026-03-29 09:05:29","user":"anonymous"}
{"duration":"126ms","ip":"::1","level":"info","message":"POST /auth/signup","service":"hosting-platform","status":201,"timestamp":"2026-03-29 09:06:02","user":"anonymous"}
{"duration":"195ms","ip":"::1","level":"info","message":"POST /auth/login","service":"hosting-platform","status":200,"timestamp":"2026-03-29 09:07:01","user":"anonymous"}
{"duration":"2ms","ip":"::1","level":"warn","message":"POST /api/projects","service":"hosting-platform","status":401,"timestamp":"2026-03-29 09:07:53","user":"anonymous"}
{"duration":"117ms","ip":"::1","level":"info","message":"POST /auth/login","service":"hosting-platform","status":200,"timestamp":"2026-03-29 09:10:25","user":"anonymous"}
{"duration":"4ms","ip":"::1","level":"warn","message":"POST /api/projects","service":"hosting-platform","status":401,"timestamp":"2026-03-29 09:12:23","user":"anonymous"}
{"duration":"99ms","ip":"::1","level":"info","message":"POST /auth/login","service":"hosting-platform","status":200,"timestamp":"2026-03-29 09:15:27","user":"anonymous"}
{"duration":"25ms","ip":"::1","level":"info","message":"POST /api/projects","service":"hosting-platform","status":201,"timestamp":"2026-03-29 09:16:43","user":1}
{"duration":"122ms","ip":"::1","level":"info","message":"POST /auth/login","service":"hosting-platform","status":200,"timestamp":"2026-03-29 10:04:01","user":"anonymous"}
{"duration":"89ms","ip":"::1","level":"info","message":"POST /auth/login","service":"hosting-platform","status":200,"timestamp":"2026-03-29 10:04:25","user":"anonymous"}
{"duration":"103ms","ip":"::1","level":"info","message":"POST /auth/login","service":"hosting-platform","status":200,"timestamp":"2026-03-29 10:05:10","user":"anonymous"}
{"duration":"14ms","ip":"::1","level":"info","message":"GET /api/projects","service":"hosting-platform","status":200,"timestamp":"2026-03-29 10:06:08","user":1}
{"duration":"10ms","ip":"::1","level":"info","message":"GET /api/projects","service":"hosting-platform","status":304,"timestamp":"2026-03-29 10:06:08","user":1}
{"duration":"10ms","ip":"::1","level":"info","message":"GET /api/projects","service":"hosting-platform","status":304,"timestamp":"2026-03-29 10:06:33","user":1}
{"duration":"10ms","ip":"::1","level":"info","message":"GET /api/projects","service":"hosting-platform","status":304,"timestamp":"2026-03-29 10:06:33","user":1}
{"duration":"6ms","ip":"::1","level":"warn","message":"GET /api/projects","service":"hosting-platform","status":401,"timestamp":"2026-03-29 10:07:14","user":"anonymous"}
{"duration":"5ms","ip":"::1","level":"warn","message":"GET /api/projects","service":"hosting-platform","status":401,"timestamp":"2026-03-29 10:07:14","user":"anonymous"}
{"duration":"4ms","ip":"::1","level":"warn","message":"GET /api/projects","service":"hosting-platform","status":401,"timestamp":"2026-03-29 10:07:22","user":"anonymous"}
{"duration":"1ms","ip":"::1","level":"warn","message":"GET /api/projects","service":"hosting-platform","status":401,"timestamp":"2026-03-29 10:07:22","user":"anonymous"}
{"duration":"2ms","ip":"::1","level":"warn","message":"GET /api/projects","service":"hosting-platform","status":401,"timestamp":"2026-03-29 10:07:24","user":"anonymous"}
{"duration":"1ms","ip":"::1","level":"warn","message":"GET /api/projects","service":"hosting-platform","status":401,"timestamp":"2026-03-29 10:07:24","user":"anonymous"}
{"duration":"0ms","ip":"::1","level":"warn","message":"GET /api/projects","service":"hosting-platform","status":401,"timestamp":"2026-03-29 10:07:26","user":"anonymous"}
{"duration":"1ms","ip":"::1","level":"warn","message":"GET /api/projects","service":"hosting-platform","status":401,"timestamp":"2026-03-29 10:07:26","user":"anonymous"}
{"duration":"1ms","ip":"::1","level":"warn","message":"GET /api/projects","service":"hosting-platform","status":401,"timestamp":"2026-03-29 10:07:33","user":"anonymous"}
{"duration":"1ms","ip":"::1","level":"warn","message":"GET /api/projects","service":"hosting-platform","status":401,"timestamp":"2026-03-29 10:07:33","user":"anonymous"}
{"duration":"1ms","ip":"::1","level":"warn","message":"GET /api/projects","service":"hosting-platform","status":401,"timestamp":"2026-03-29 10:07:52","user":"anonymous"}
{"duration":"1ms","ip":"::1","level":"warn","message":"GET /api/projects","service":"hosting-platform","status":401,"timestamp":"2026-03-29 10:07:52","user":"anonymous"}
{"duration":"1ms","ip":"::1","level":"warn","message":"GET /api/projects","service":"hosting-platform","status":401,"timestamp":"2026-03-29 10:07:55","user":"anonymous"}
{"duration":"1ms","ip":"::1","level":"warn","message":"GET /api/projects","service":"hosting-platform","status":401,"timestamp":"2026-03-29 10:07:55","user":"anonymous"}
{"duration":"1ms","ip":"::1","level":"warn","message":"GET /api/projects","service":"hosting-platform","status":401,"timestamp":"2026-03-29 10:09:06","user":"anonymous"}
{"duration":"1ms","ip":"::1","level":"warn","message":"GET /api/projects","service":"hosting-platform","status":401,"timestamp":"2026-03-29 10:09:06","user":"anonymous"}
{"duration":"112ms","ip":"::1","level":"info","message":"POST /auth/login","service":"hosting-platform","status":200,"timestamp":"2026-03-29 10:09:14","user":"anonymous"}
{"duration":"18ms","ip":"::1","level":"info","message":"GET /api/projects","service":"hosting-platform","status":304,"timestamp":"2026-03-29 10:09:20","user":1}
{"duration":"29ms","ip":"::1","level":"info","message":"GET /api/projects","service":"hosting-platform","status":304,"timestamp":"2026-03-29 10:09:20","user":1}
{"duration":"1ms","ip":"::1","level":"warn","message":"GET /api/projects","service":"hosting-platform","status":401,"timestamp":"2026-03-29 10:09:22","user":"anonymous"}
{"duration":"1ms","ip":"::1","level":"warn","message":"GET /api/projects","service":"hosting-platform","status":401,"timestamp":"2026-03-29 10:09:22","user":"anonymous"}
{"duration":"6ms","ip":"::1","level":"warn","message":"GET /api/projects","service":"hosting-platform","status":401,"timestamp":"2026-03-29 10:09:23","user":"anonymous"}
{"duration":"1ms","ip":"::1","level":"warn","message":"GET /api/projects","service":"hosting-platform","status":401,"timestamp":"2026-03-29 10:09:23","user":"anonymous"}
{"duration":"1ms","ip":"::1","level":"warn","message":"GET /api/projects","service":"hosting-platform","status":401,"timestamp":"2026-03-29 10:09:24","user":"anonymous"}
{"duration":"1ms","ip":"::1","level":"warn","message":"GET /api/projects","service":"hosting-platform","status":401,"timestamp":"2026-03-29 10:09:24","user":"anonymous"}
{"duration":"1ms","ip":"::1","level":"warn","message":"GET /api/projects","service":"hosting-platform","status":401,"timestamp":"2026-03-29 10:09:24","user":"anonymous"}
{"duration":"2ms","ip":"::1","level":"warn","message":"GET /api/projects","service":"hosting-platform","status":401,"timestamp":"2026-03-29 10:09:24","user":"anonymous"}
{"duration":"111ms","ip":"::1","level":"info","message":"POST /auth/login","service":"hosting-platform","status":200,"timestamp":"2026-03-29 10:09:29","user":"anonymous"}
{"duration":"20ms","ip":"::1","level":"info","message":"GET /api/projects","service":"hosting-platform","status":304,"timestamp":"2026-03-29 10:10:22","user":1}
{"duration":"27ms","ip":"::1","level":"info","message":"GET /api/projects","service":"hosting-platform","status":304,"timestamp":"2026-03-29 10:10:22","user":1}
{"duration":"1ms","ip":"::1","level":"warn","message":"GET /api/projects","service":"hosting-platform","status":401,"timestamp":"2026-03-29 10:10:23","user":"anonymous"}
{"duration":"1ms","ip":"::1","level":"warn","message":"GET /api/projects","service":"hosting-platform","status":401,"timestamp":"2026-03-29 10:10:23","user":"anonymous"}
